<?xml version="1.0" encoding="UTF-8"?>
<!-- Generated by org.testng.reporters.JUnitReportReporter -->
<testsuite hostname="LAPTOP-0MQ7D81P" failures="0" tests="1" name="automation.TC_12_GeneratereportsonEmployeetype" time="23.898" errors="0" timestamp="2022-01-24T23:37:54 AEDT" skipped="0">
  <testcase classname="automation.TC_12_GeneratereportsonEmployeetype" name="generateReportsOnEmployeetype" time="23.898"/>
  <system-out/>
</testsuite> <!-- automation.TC_12_GeneratereportsonEmployeetype -->
