<?xml version="1.0" encoding="UTF-8"?>
<!-- Generated by org.testng.reporters.JUnitReportReporter -->
<testsuite hostname="LAPTOP-0MQ7D81P" failures="0" tests="1" name="automation.TC_16EditWorkWeek" time="17.136" errors="0" timestamp="2022-01-22T17:13:26 AEDT" skipped="0">
  <testcase classname="automation.TC_16EditWorkWeek" name="editWorkweek" time="17.136"/>
  <system-out/>
</testsuite> <!-- automation.TC_16EditWorkWeek -->
