<?xml version="1.0" encoding="UTF-8"?>
<!-- Generated by org.testng.reporters.JUnitReportReporter -->
<testsuite hostname="LAPTOP-0MQ7D81P" failures="0" tests="1" name="automationleavepom.Leavelistpom" time="15.027" errors="0" timestamp="2022-02-13T17:15:51 AEDT" skipped="0">
  <testcase classname="automationleavepom.Leavelistpom" name="searchandCancelandResetleaves" time="15.027"/>
  <system-out/>
</testsuite> <!-- automationleavepom.Leavelistpom -->
