<?xml version="1.0" encoding="UTF-8"?>
<!-- Generated by org.testng.reporters.JUnitReportReporter -->
<testsuite hostname="LAPTOP-0MQ7D81P" failures="0" tests="1" name="automationleavepom.AddSingleandMultipleLeaveEntitlement" time="0.000" errors="0" timestamp="2022-02-24T13:55:13 AEDT" skipped="1">
  <testcase classname="automationleavepom.AddSingleandMultipleLeaveEntitlement" name="singleLeaveEntitlements" time="0.000">
    <skipped/>
  </testcase> <!-- singleLeaveEntitlements -->
  <system-out/>
</testsuite> <!-- automationleavepom.AddSingleandMultipleLeaveEntitlement -->
