<?xml version="1.0" encoding="UTF-8"?>
<!-- Generated by org.testng.reporters.JUnitReportReporter -->
<testsuite hostname="LAPTOP-0MQ7D81P" failures="0" tests="1" name="automationleavepom.Reportspom" time="21.545" errors="0" timestamp="2022-02-13T17:08:08 AEDT" skipped="0">
  <testcase classname="automationleavepom.Reportspom" name="generatereportsonLeaveType" time="21.545"/>
  <system-out/>
</testsuite> <!-- automationleavepom.Reportspom -->
