<?xml version="1.0" encoding="UTF-8"?>
<!-- Generated by org.testng.reporters.JUnitReportReporter -->
<testsuite hostname="LAPTOP-0MQ7D81P" failures="0" tests="1" name="automation.TC_3MyLeave" time="24.133" errors="0" timestamp="2022-01-21T19:42:28 AEDT" skipped="0">
  <testcase classname="automation.TC_3MyLeave" name="MyLeave" time="24.133"/>
  <system-out/>
</testsuite> <!-- automation.TC_3MyLeave -->
