<?xml version="1.0" encoding="UTF-8"?>
<!-- Generated by org.testng.reporters.JUnitReportReporter -->
<testsuite hostname="LAPTOP-0MQ7D81P" failures="0" tests="1" name="leaveautomation.LeaveList" time="13.116" errors="0" timestamp="2022-02-12T18:31:40 AEDT" skipped="0">
  <testcase classname="leaveautomation.LeaveList" name="searchandCancelandResetleaves" time="13.116"/>
  <system-out/>
</testsuite> <!-- leaveautomation.LeaveList -->
