<?xml version="1.0" encoding="UTF-8"?>
<!-- Generated by org.testng.reporters.JUnitReportReporter -->
<testsuite hostname="LAPTOP-0MQ7D81P" failures="0" tests="1" name="automation.TC_12GeneratereportsonEmployeetype" time="26.458" errors="0" timestamp="2022-01-22T16:27:30 AEDT" skipped="0">
  <testcase classname="automation.TC_12GeneratereportsonEmployeetype" name="generateReportsOnEmployeetype" time="26.458"/>
  <system-out/>
</testsuite> <!-- automation.TC_12GeneratereportsonEmployeetype -->
