<?xml version="1.0" encoding="UTF-8"?>
<!-- Generated by org.testng.reporters.JUnitReportReporter -->
<testsuite hostname="LAPTOP-0MQ7D81P" failures="0" tests="1" name="automation.TC_171819SeeandAddandDeleteHolidays" time="60.321" errors="0" timestamp="2022-01-22T20:14:01 AEDT" skipped="0">
  <testcase classname="automation.TC_171819SeeandAddandDeleteHolidays" name="seeandAddDeleteholidays" time="60.321"/>
  <system-out/>
</testsuite> <!-- automation.TC_171819SeeandAddandDeleteHolidays -->
