<?xml version="1.0" encoding="UTF-8"?>
<!-- Generated by org.testng.reporters.JUnitReportReporter -->
<testsuite hostname="LAPTOP-0MQ7D81P" failures="0" tests="1" name="automationleavepom.ApplyLeaveandMyleavepom" time="18.074" errors="0" timestamp="2022-02-24T15:02:34 AEDT" skipped="0">
  <testcase classname="automationleavepom.ApplyLeaveandMyleavepom" name="applyLeave" time="18.074"/>
  <system-out/>
</testsuite> <!-- automationleavepom.ApplyLeaveandMyleavepom -->
