<?xml version="1.0" encoding="UTF-8"?>
<!-- Generated by org.testng.reporters.JUnitReportReporter -->
<testsuite hostname="LAPTOP-0MQ7D81P" failures="0" tests="1" name="automation.TC_1415AddandDeleteLeaveTypes" time="24.937" errors="0" timestamp="2022-01-22T17:01:43 AEDT" skipped="0">
  <testcase classname="automation.TC_1415AddandDeleteLeaveTypes" name="addandDelete" time="24.937"/>
  <system-out/>
</testsuite> <!-- automation.TC_1415AddandDeleteLeaveTypes -->
