<?xml version="1.0" encoding="UTF-8"?>
<!-- Generated by org.testng.reporters.JUnitReportReporter -->
<testsuite hostname="LAPTOP-0MQ7D81P" failures="0" tests="1" name="leaveautomation.EmployeeAndMyleaveEntitlements" time="13.928" errors="0" timestamp="2022-02-12T16:34:36 AEDT" skipped="0">
  <testcase classname="leaveautomation.EmployeeAndMyleaveEntitlements" name="employeeEntitlements" time="13.928"/>
  <system-out/>
</testsuite> <!-- leaveautomation.EmployeeAndMyleaveEntitlements -->
