<?xml version="1.0" encoding="UTF-8"?>
<!-- Generated by org.testng.reporters.JUnitReportReporter -->
<testsuite hostname="LAPTOP-0MQ7D81P" failures="0" tests="1" name="automation.TC_8EmployeeEntitlements" time="25.469" errors="0" timestamp="2022-01-22T14:22:58 AEDT" skipped="0">
  <testcase classname="automation.TC_8EmployeeEntitlements" name="employeeEntitlements" time="25.469"/>
  <system-out/>
</testsuite> <!-- automation.TC_8EmployeeEntitlements -->
