<?xml version="1.0" encoding="UTF-8"?>
<!-- Generated by org.testng.reporters.JUnitReportReporter -->
<testsuite hostname="LAPTOP-0MQ7D81P" failures="0" tests="1" name="leaveautomation.AddsingleandMultipleEntitlements" time="0.000" errors="0" timestamp="2022-02-12T18:33:10 AEDT" skipped="1">
  <testcase classname="leaveautomation.AddsingleandMultipleEntitlements" name="singleLeaveEntitlements" time="0.000">
    <skipped/>
  </testcase> <!-- singleLeaveEntitlements -->
  <system-out/>
</testsuite> <!-- leaveautomation.AddsingleandMultipleEntitlements -->
