<?xml version="1.0" encoding="UTF-8"?>
<!-- Generated by org.testng.reporters.JUnitReportReporter -->
<testsuite hostname="LAPTOP-0MQ7D81P" failures="0" tests="1" name="leaveautomation.ApplyleaveandMyleave" time="15.043" errors="0" timestamp="2022-02-24T14:35:07 AEDT" skipped="0">
  <testcase classname="leaveautomation.ApplyleaveandMyleave" name="applyLeave" time="15.043"/>
  <system-out/>
</testsuite> <!-- leaveautomation.ApplyleaveandMyleave -->
