<?xml version="1.0" encoding="UTF-8"?>
<!-- Generated by org.testng.reporters.JUnitReportReporter -->
<testsuite hostname="LAPTOP-0MQ7D81P" failures="0" tests="1" name="leaveautomation.Leavetypesholidays" time="15.681" errors="0" timestamp="2022-02-12T16:51:27 AEDT" skipped="0">
  <testcase classname="leaveautomation.Leavetypesholidays" name="seeandAddDeleteholidays" time="15.681"/>
  <system-out/>
</testsuite> <!-- leaveautomation.Leavetypesholidays -->
