<?xml version="1.0" encoding="UTF-8"?>
<!-- Generated by org.testng.reporters.JUnitReportReporter -->
<testsuite hostname="LAPTOP-0MQ7D81P" failures="0" tests="1" name="automation.TC_13EditLeaveperiod" time="25.039" errors="0" timestamp="2022-01-22T16:42:02 AEDT" skipped="0">
  <testcase classname="automation.TC_13EditLeaveperiod" name="editLeave" time="25.039"/>
  <system-out/>
</testsuite> <!-- automation.TC_13EditLeaveperiod -->
