<?xml version="1.0" encoding="UTF-8"?>
<!-- Generated by org.testng.reporters.JUnitReportReporter -->
<testsuite hostname="LAPTOP-0MQ7D81P" failures="0" tests="1" name="automation.TC_202122Searchandcancelandresetleaves" time="36.233" errors="0" timestamp="2022-01-22T20:32:44 AEDT" skipped="0">
  <testcase classname="automation.TC_202122Searchandcancelandresetleaves" name="searchandCancelandResetleaves" time="36.233"/>
  <system-out/>
</testsuite> <!-- automation.TC_202122Searchandcancelandresetleaves -->
