<?xml version="1.0" encoding="UTF-8"?>
<!-- Generated by org.testng.reporters.JUnitReportReporter -->
<testsuite hostname="LAPTOP-0MQ7D81P" failures="0" tests="1" name="automationleavepom.LeavetypeHolidayspom" time="19.262" errors="0" timestamp="2022-02-13T17:14:08 AEDT" skipped="0">
  <testcase classname="automationleavepom.LeavetypeHolidayspom" name="seeandAddDeleteholidays" time="19.262"/>
  <system-out/>
</testsuite> <!-- automationleavepom.LeavetypeHolidayspom -->
