<?xml version="1.0" encoding="UTF-8"?>
<!-- Generated by org.testng.reporters.JUnitReportReporter -->
<testsuite hostname="LAPTOP-0MQ7D81P" failures="0" tests="1" name="leaveautomation.Reports" time="20.880" errors="0" timestamp="2022-02-12T16:32:11 AEDT" skipped="0">
  <testcase classname="leaveautomation.Reports" name="generatereportsonLeaveType" time="20.880"/>
  <system-out/>
</testsuite> <!-- leaveautomation.Reports -->
