<?xml version="1.0" encoding="UTF-8"?>
<!-- Generated by org.testng.reporters.JUnitReportReporter -->
<testsuite hostname="LAPTOP-0MQ7D81P" failures="0" tests="1" name="automationleavepom.TC_22_23_24_SearchandCancelandResetleaves" time="23.482" errors="0" timestamp="2022-02-04T17:07:05 AEDT" skipped="0">
  <testcase classname="automationleavepom.TC_22_23_24_SearchandCancelandResetleaves" name="searchandCancelandResetleaves" time="23.482"/>
  <system-out/>
</testsuite> <!-- automationleavepom.TC_22_23_24_SearchandCancelandResetleaves -->
