<?xml version="1.0" encoding="UTF-8"?>
<!-- Generated by org.testng.reporters.JUnitReportReporter -->
<testsuite hostname="LAPTOP-0MQ7D81P" failures="0" tests="1" name="automationleavepom.AssignLeaves" time="14.782" errors="0" timestamp="2022-02-13T17:14:59 AEDT" skipped="0">
  <testcase classname="automationleavepom.AssignLeaves" name="assignLeave" time="14.782"/>
  <system-out/>
</testsuite> <!-- automationleavepom.AssignLeaves -->
