<?xml version="1.0" encoding="UTF-8"?>
<!-- Generated by org.testng.reporters.JUnitReportReporter -->
<testsuite hostname="LAPTOP-0MQ7D81P" failures="0" tests="1" name="automationleavepom.EmployeeandMyleaveEntitlementpom" time="14.637" errors="0" timestamp="2022-02-13T17:09:13 AEDT" skipped="0">
  <testcase classname="automationleavepom.EmployeeandMyleaveEntitlementpom" name="employeeEntitlements" time="14.637"/>
  <system-out/>
</testsuite> <!-- automationleavepom.EmployeeandMyleaveEntitlementpom -->
