<?xml version="1.0" encoding="UTF-8"?>
<!-- Generated by org.testng.reporters.JUnitReportReporter -->
<testsuite hostname="LAPTOP-0MQ7D81P" failures="0" tests="1" name="automation.TC_11GenerateReportsonLeavetype" time="31.285" errors="0" timestamp="2022-01-22T16:09:48 AEDT" skipped="0">
  <testcase classname="automation.TC_11GenerateReportsonLeavetype" name="generatereportsonLeaveType" time="31.285"/>
  <system-out/>
</testsuite> <!-- automation.TC_11GenerateReportsonLeavetype -->
