<?xml version="1.0" encoding="UTF-8"?>
<!-- Generated by org.testng.reporters.JUnitReportReporter -->
<testsuite hostname="LAPTOP-0MQ7D81P" failures="0" tests="1" name="automationleavepom.ApplyLeavepom" time="15.865" errors="0" timestamp="2022-02-13T16:59:35 AEDT" skipped="0">
  <testcase classname="automationleavepom.ApplyLeavepom" name="applyLeave" time="15.865"/>
  <system-out/>
</testsuite> <!-- automationleavepom.ApplyLeavepom -->
