<?xml version="1.0" encoding="UTF-8"?>
<!-- Generated by org.testng.reporters.JUnitReportReporter -->
<testsuite hostname="LAPTOP-0MQ7D81P" failures="0" tests="1" name="automation.TC_9MyLeaveEntitlements" time="17.982" errors="0" timestamp="2022-01-22T14:21:11 AEDT" skipped="0">
  <testcase classname="automation.TC_9MyLeaveEntitlements" name="myleaveEntitlements" time="17.982"/>
  <system-out/>
</testsuite> <!-- automation.TC_9MyLeaveEntitlements -->
