<?xml version="1.0" encoding="UTF-8"?>
<!-- Generated by org.testng.reporters.JUnitReportReporter -->
<testsuite hostname="LAPTOP-0MQ7D81P" failures="0" tests="1" name="automation.TC_23AssignLeave" time="53.984" errors="0" timestamp="2022-01-22T20:17:27 AEDT" skipped="0">
  <testcase classname="automation.TC_23AssignLeave" name="assignLeave" time="53.984"/>
  <system-out/>
</testsuite> <!-- automation.TC_23AssignLeave -->
