<?xml version="1.0" encoding="UTF-8"?>
<!-- Generated by org.testng.reporters.JUnitReportReporter -->
<testsuite hostname="LAPTOP-0MQ7D81P" failures="0" tests="1" name="automationleavepom.TC_25_AssignLeaves" time="16.656" errors="0" timestamp="2022-02-04T17:09:40 AEDT" skipped="0">
  <testcase classname="automationleavepom.TC_25_AssignLeaves" name="assignLeave" time="16.656"/>
  <system-out/>
</testsuite> <!-- automationleavepom.TC_25_AssignLeaves -->
