<?xml version="1.0" encoding="UTF-8"?>
<!-- Generated by org.testng.reporters.JUnitReportReporter -->
<testsuite hostname="LAPTOP-0MQ7D81P" failures="0" tests="1" name="leaveautomation.AssignLeave" time="15.552" errors="0" timestamp="2022-02-12T18:26:59 AEDT" skipped="0">
  <testcase classname="leaveautomation.AssignLeave" name="assignLeave" time="15.552"/>
  <system-out/>
</testsuite> <!-- leaveautomation.AssignLeave -->
