<?xml version="1.0" encoding="UTF-8"?>
<!-- Generated by org.testng.reporters.JUnitReportReporter -->
<testsuite hostname="LAPTOP-0MQ7D81P" failures="0" tests="1" name="automation.TC_11_GenerateReportsonLeavetype" time="30.555" errors="0" timestamp="2022-01-24T23:33:30 AEDT" skipped="0">
  <testcase classname="automation.TC_11_GenerateReportsonLeavetype" name="generatereportsonLeaveType" time="30.555"/>
  <system-out/>
</testsuite> <!-- automation.TC_11_GenerateReportsonLeavetype -->
