<?xml version="1.0" encoding="UTF-8"?>
<!-- Generated by org.testng.reporters.JUnitReportReporter -->
<testsuite hostname="LAPTOP-0MQ7D81P" failures="0" tests="1" name="automation.MyLeaveEntitlementsandusageReport" time="17.918" errors="0" timestamp="2022-01-21T16:11:53 AEDT" skipped="0">
  <testcase classname="automation.MyLeaveEntitlementsandusageReport" name="leaveEntitlements" time="17.918"/>
  <system-out/>
</testsuite> <!-- automation.MyLeaveEntitlementsandusageReport -->
